<?xml version="1.0" encoding="UTF-8"?>
<!-- Generated by org.testng.reporters.JUnitReportReporter -->
<testsuite hostname="Hemendra" failures="0" tests="1" name="RestAssured.RestAssured.SumValidation" time="2.972" errors="0" timestamp="2023-04-19T18:17:56 IST" skipped="0">
  <testcase classname="RestAssured.RestAssured.SumValidation" name="SumOfCourses" time="2.972"/>
  <system-out/>
</testsuite> <!-- RestAssured.RestAssured.SumValidation -->
