<?xml version="1.0" encoding="UTF-8"?>
<!-- Generated by org.testng.reporters.JUnitReportReporter -->
<testsuite hostname="Hemendra" failures="0" tests="1" name="dynamicsJason.DynamicJson" time="4.363" errors="0" timestamp="2023-04-19T21:02:50 IST" skipped="0">
  <testcase classname="dynamicsJason.DynamicJson" name="AddBook" time="4.363"/>
  <system-out/>
</testsuite> <!-- dynamicsJason.DynamicJson -->
