<?xml version="1.0" encoding="UTF-8"?>
<!-- Generated by org.testng.reporters.JUnitReportReporter -->
<testsuite hostname="Hemendra" failures="0" tests="4" name="Basics.ComplexJsonParse2_paramerize" time="8.024" errors="0" timestamp="2023-04-19T21:16:38 IST" skipped="0">
  <testcase classname="Basics.ComplexJsonParse2_paramerize" name="AddBook" time="7.309"/>
  <system-out/>
  <testcase classname="Basics.ComplexJsonParse2_paramerize" name="AddBook" time="0.262"/>
  <system-out/>
  <testcase classname="Basics.ComplexJsonParse2_paramerize" name="AddBook" time="0.249"/>
  <system-out/>
  <testcase classname="Basics.ComplexJsonParse2_paramerize" name="AddBook" time="0.204"/>
  <system-out/>
</testsuite> <!-- Basics.ComplexJsonParse2_paramerize -->
