<?xml version="1.0" encoding="UTF-8"?>
<!-- Generated by org.testng.reporters.JUnitReportReporter -->
<testsuite hostname="Hemendra" failures="0" tests="1" name="jiraTest.Jiratest" time="12.419" errors="0" timestamp="2023-04-21T15:52:35 IST" skipped="0">
  <testcase classname="jiraTest.Jiratest" name="Jiratest1" time="12.419"/>
  <system-out/>
</testsuite> <!-- jiraTest.Jiratest -->
